<?xml version="1.0" encoding="UTF-8"?>
<testng-results skipped="0" failed="0" ignored="0" total="1" passed="1">
  <reporter-output>
  </reporter-output>
  <suite name="Default suite" duration-ms="109414" started-at="2019-03-12T10:22:09Z" finished-at="2019-03-12T10:23:59Z">
    <groups>
    </groups>
    <test name="Default test" duration-ms="109414" started-at="2019-03-12T10:22:09Z" finished-at="2019-03-12T10:23:59Z">
      <class name="Tests.LoginTestDemo">
        <test-method status="PASS" signature="beforeMethod()[pri:0, instance:Tests.LoginTestDemo@1593948d]" name="beforeMethod" is-config="true" duration-ms="29582" started-at="2019-03-12T15:52:09Z" finished-at="2019-03-12T15:52:39Z">
          <reporter-output>
          </reporter-output>
        </test-method> <!-- beforeMethod -->
        <test-method status="PASS" signature="f()[pri:0, instance:Tests.LoginTestDemo@1593948d]" name="f" duration-ms="79443" started-at="2019-03-12T15:52:39Z" finished-at="2019-03-12T15:53:58Z">
          <reporter-output>
          </reporter-output>
        </test-method> <!-- f -->
        <test-method status="PASS" signature="afterMethod()[pri:0, instance:Tests.LoginTestDemo@1593948d]" name="afterMethod" is-config="true" duration-ms="324" started-at="2019-03-12T15:53:58Z" finished-at="2019-03-12T15:53:59Z">
          <reporter-output>
          </reporter-output>
        </test-method> <!-- afterMethod -->
      </class> <!-- Tests.LoginTestDemo -->
    </test> <!-- Default test -->
  </suite> <!-- Default suite -->
</testng-results>
